<?xml version="1.0" encoding="UTF-8"?>
<!-- Generated by org.testng.reporters.JUnitReportReporter -->
<testsuite hostname="ramazanpolat" failures="0" tests="2" name="seldocker.GridTest" time="0.019" errors="0" timestamp="2024-12-08T00:54:10 TRT" skipped="0">
  <testcase classname="seldocker.GridTest" name="getTitle" time="0.011"/>
  <system-out/>
  <testcase classname="seldocker.GridTest" name="getTitle" time="0.008"/>
  <system-out/>
</testsuite> <!-- seldocker.GridTest -->
